[    6173ms] [ERROR] Failed to load resource: the server responded with a status of 400 () @ https://challenges.cloudflare.com/cdn-cgi/challenge-platform/h/g/flow/ov1/3109009548:1776273366:OCL3J1nnnt1J5KVYkh17fa3N0Fu_zYUQNhG2Xn2yrdM/9ecce7103d857b37/rUGpmqbElhETFzYurwITLBI8wWmGxOun9e47iLbgtOI-1776276579-1.2.1.1-gs6UUhXgAq_myz5Ds._.29mdU5Ha6s4DF5NBYPuAaat6cdDTfFsRLUUnnIfe8C98:0
[    6177ms] Uncaught TurnstileError: [Cloudflare Turnstile] Error: 110200.
    at v (https://challenges.cloudflare.com/turnstile/v0/api.js:0:10921)
    at L (https://challenges.cloudflare.com/turnstile/v0/api.js:0:40039)
[    9185ms] [WARNING] The resource https://challenges.cloudflare.com/cdn-cgi/challenge-platform/h/g/cmg/1 was preloaded using link preload but not used within a few seconds from the window's load event. Please make sure it has an appropriate `as` value and it is preloaded intentionally. @ https://challenges.cloudflare.com/cdn-cgi/challenge-platform/h/g/turnstile/f/ov2/av0/rchg8MV3RurAiWzsdokkNuLrVe3GUAFPddxWhNjVBl3iL4-1776276569-1.3.1.1-GzIhay__If_IfM8LbLJRzPBY8KS5hVh0SgQ53gtiHds/s73jz/0x4AAAAAACzsopC38jvGFnaI/auto/fbE/failure_retry/normal?lang=auto:0
[    9602ms] Invalid or unexpected token
[   10527ms] [INFO] %cDownload the React DevTools for a better development experience: https://reactjs.org/link/react-devtools font-weight:bold @ webpack-internal:///(app-pages-browser)/./node_modules/next/dist/compiled/react-dom/cjs/react-dom.development.js:38559
[   87181ms] [INFO] %cDownload the React DevTools for a better development experience: https://reactjs.org/link/react-devtools font-weight:bold @ webpack-internal:///(app-pages-browser)/./node_modules/next/dist/compiled/react-dom/cjs/react-dom.development.js:38559
[   96275ms] [LOG] [Fast Refresh] rebuilding @ webpack-internal:///(app-pages-browser)/./node_modules/next/dist/client/components/react-dev-overlay/app/hot-reloader-client.js:186
[   97133ms] [LOG] [Fast Refresh] rebuilding @ webpack-internal:///(app-pages-browser)/./node_modules/next/dist/client/components/react-dev-overlay/app/hot-reloader-client.js:186
[   98848ms] [ERROR] Failed to load resource: the server responded with a status of 404 (Not Found) @ http://localhost:3003/_next/static/webpack/6f27e1cfcaa22d57.webpack.hot-update.json:0
[   99816ms] [INFO] %cDownload the React DevTools for a better development experience: https://reactjs.org/link/react-devtools font-weight:bold @ webpack-internal:///(app-pages-browser)/./node_modules/next/dist/compiled/react-dom/cjs/react-dom.development.js:38559
[  200608ms] [WARNING] The resource https://challenges.cloudflare.com/cdn-cgi/challenge-platform/h/g/cmg/1 was preloaded using link preload but not used within a few seconds from the window's load event. Please make sure it has an appropriate `as` value and it is preloaded intentionally. @ https://challenges.cloudflare.com/cdn-cgi/challenge-platform/h/g/turnstile/f/ov2/av0/rch/34tfe/1x00000000000000000000AA/auto/fbE/new/normal?lang=auto:0
[  207638ms] [LOG] [Fast Refresh] rebuilding @ webpack-internal:///(app-pages-browser)/./node_modules/next/dist/client/components/react-dev-overlay/app/hot-reloader-client.js:186
[  208614ms] [LOG] [Fast Refresh] done in 976ms @ webpack-internal:///(app-pages-browser)/./node_modules/next/dist/client/components/react-dev-overlay/app/hot-reloader-client.js:43
[  208679ms] [LOG] [Fast Refresh] rebuilding @ webpack-internal:///(app-pages-browser)/./node_modules/next/dist/client/components/react-dev-overlay/app/hot-reloader-client.js:186
[  209111ms] [LOG] [Fast Refresh] done in 432ms @ webpack-internal:///(app-pages-browser)/./node_modules/next/dist/client/components/react-dev-overlay/app/hot-reloader-client.js:43
[  211959ms] [LOG] [Fast Refresh] rebuilding @ webpack-internal:///(app-pages-browser)/./node_modules/next/dist/client/components/react-dev-overlay/app/hot-reloader-client.js:186
[  212449ms] [WARNING] The resource http://localhost:3003/_next/static/css/app/layout.css?v=1776276784242 was preloaded using link preload but not used within a few seconds from the window's load event. Please make sure it has an appropriate `as` value and it is preloaded intentionally. @ http://localhost:3003/analyzer:0
[  212449ms] [WARNING] The resource http://localhost:3003/_next/static/css/app/layout.css was preloaded using link preload but not used within a few seconds from the window's load event. Please make sure it has an appropriate `as` value and it is preloaded intentionally. @ http://localhost:3003/analyzer:0
[  213654ms] [LOG] [Fast Refresh] done in 1696ms @ webpack-internal:///(app-pages-browser)/./node_modules/next/dist/client/components/react-dev-overlay/app/hot-reloader-client.js:43
[  214733ms] [ERROR] Refused to apply style from 'http://localhost:3003/_next/static/css/app/layout.css?v=1776276784242' because its MIME type ('text/html') is not a supported stylesheet MIME type, and strict MIME checking is enabled. @ http://localhost:3003/analyzer:0
[  214734ms] [ERROR] Refused to apply style from 'http://localhost:3003/_next/static/css/app/layout.css' because its MIME type ('text/html') is not a supported stylesheet MIME type, and strict MIME checking is enabled. @ http://localhost:3003/analyzer:0
[  214954ms] [ERROR] Refused to apply style from 'http://localhost:3003/_next/static/css/app/layout.css?v=1776276790358' because its MIME type ('text/html') is not a supported stylesheet MIME type, and strict MIME checking is enabled. @ http://localhost:3003/analyzer:0
[  215043ms] [ERROR] Refused to apply style from 'http://localhost:3003/_next/static/css/app/layout.css?v=1776276790358' because its MIME type ('text/html') is not a supported stylesheet MIME type, and strict MIME checking is enabled. @ http://localhost:3003/analyzer:0
[  215079ms] Event
